2022/10/08 10:23:59 [notice] 1#1: using the "epoll" event method
2022/10/08 10:23:59 [notice] 1#1: nginx/1.22.0
2022/10/08 10:23:59 [notice] 1#1: built by gcc 11.2.1 20220219 (Alpine 11.2.1_git20220219) 
2022/10/08 10:23:59 [notice] 1#1: OS: Linux 5.10.104-linuxkit
2022/10/08 10:23:59 [notice] 1#1: getrlimit(RLIMIT_NOFILE): 1048576:1048576
2022/10/08 10:23:59 [notice] 1#1: start worker processes
2022/10/08 10:23:59 [notice] 1#1: start worker process 32
2022/10/08 10:23:59 [notice] 1#1: start worker process 33
2022/10/08 10:23:59 [notice] 1#1: start worker process 34
2022/10/08 10:23:59 [notice] 1#1: start worker process 35
2022/10/08 10:31:44 [error] 32#32: *2 open() "/usr/share/nginx/html/favicon.ico" failed (2: No such file or directory), client: 172.18.0.1, server: localhost, request: "GET /favicon.ico HTTP/1.1", host: "localhost", referrer: "http://localhost/"
2022/10/08 10:32:04 [error] 35#35: *4 open() "/usr/share/nginx/html/favicon.ico" failed (2: No such file or directory), client: 172.18.0.1, server: localhost, request: "GET /favicon.ico HTTP/1.1", host: "127.0.0.1", referrer: "http://127.0.0.1/"
2022/10/08 10:33:11 [notice] 1#1: signal 3 (SIGQUIT) received, shutting down
2022/10/08 10:33:11 [notice] 32#32: gracefully shutting down
2022/10/08 10:33:11 [notice] 34#34: gracefully shutting down
2022/10/08 10:33:11 [notice] 34#34: exiting
2022/10/08 10:33:11 [notice] 35#35: gracefully shutting down
2022/10/08 10:33:11 [notice] 35#35: exiting
2022/10/08 10:33:11 [notice] 33#33: gracefully shutting down
2022/10/08 10:33:11 [notice] 33#33: exiting
2022/10/08 10:33:11 [notice] 32#32: exiting
2022/10/08 10:33:11 [notice] 32#32: exit
2022/10/08 10:33:11 [notice] 34#34: exit
2022/10/08 10:33:11 [notice] 35#35: exit
2022/10/08 10:33:11 [notice] 33#33: exit
2022/10/08 10:33:11 [notice] 1#1: signal 17 (SIGCHLD) received from 34
2022/10/08 10:33:11 [notice] 1#1: worker process 34 exited with code 0
2022/10/08 10:33:11 [notice] 1#1: signal 29 (SIGIO) received
2022/10/08 10:33:11 [notice] 1#1: signal 17 (SIGCHLD) received from 32
2022/10/08 10:33:11 [notice] 1#1: worker process 32 exited with code 0
2022/10/08 10:33:11 [notice] 1#1: worker process 35 exited with code 0
2022/10/08 10:33:11 [notice] 1#1: signal 17 (SIGCHLD) received from 35
2022/10/08 10:33:11 [notice] 1#1: signal 29 (SIGIO) received
2022/10/08 10:33:11 [notice] 1#1: signal 17 (SIGCHLD) received from 33
2022/10/08 10:33:11 [notice] 1#1: worker process 33 exited with code 0
2022/10/08 10:33:11 [notice] 1#1: exit
2022/10/08 10:33:25 [notice] 1#1: using the "epoll" event method
2022/10/08 10:33:25 [notice] 1#1: nginx/1.22.0
2022/10/08 10:33:25 [notice] 1#1: built by gcc 11.2.1 20220219 (Alpine 11.2.1_git20220219) 
2022/10/08 10:33:25 [notice] 1#1: OS: Linux 5.10.104-linuxkit
2022/10/08 10:33:25 [notice] 1#1: getrlimit(RLIMIT_NOFILE): 1048576:1048576
2022/10/08 10:33:25 [notice] 1#1: start worker processes
2022/10/08 10:33:25 [notice] 1#1: start worker process 32
2022/10/08 10:33:25 [notice] 1#1: start worker process 33
2022/10/08 10:33:25 [notice] 1#1: start worker process 34
2022/10/08 10:33:25 [notice] 1#1: start worker process 35
2022/10/08 10:41:19 [notice] 1#1: signal 2 (SIGINT) received, exiting
2022/10/08 10:41:19 [notice] 35#35: exiting
2022/10/08 10:41:19 [notice] 35#35: exit
2022/10/08 10:41:19 [notice] 34#34: exiting
2022/10/08 10:41:19 [notice] 32#32: exiting
2022/10/08 10:41:19 [notice] 32#32: exit
2022/10/08 10:41:19 [notice] 33#33: exiting
2022/10/08 10:41:19 [notice] 33#33: exit
2022/10/08 10:41:19 [notice] 34#34: exit
2022/10/08 10:41:19 [notice] 1#1: signal 17 (SIGCHLD) received from 35
2022/10/08 10:41:19 [notice] 1#1: worker process 35 exited with code 0
2022/10/08 10:41:19 [notice] 1#1: signal 29 (SIGIO) received
2022/10/08 10:41:19 [notice] 1#1: signal 17 (SIGCHLD) received from 32
2022/10/08 10:41:19 [notice] 1#1: worker process 32 exited with code 0
2022/10/08 10:41:19 [notice] 1#1: signal 29 (SIGIO) received
2022/10/08 10:41:19 [notice] 1#1: signal 17 (SIGCHLD) received from 34
2022/10/08 10:41:19 [notice] 1#1: worker process 33 exited with code 0
2022/10/08 10:41:19 [notice] 1#1: signal 2 (SIGINT) received, exiting
2022/10/08 10:41:19 [notice] 1#1: worker process 34 exited with code 0
2022/10/08 10:41:19 [notice] 1#1: exit
2022/10/08 10:56:41 [notice] 1#1: using the "epoll" event method
2022/10/08 10:56:41 [notice] 1#1: nginx/1.22.0
2022/10/08 10:56:41 [notice] 1#1: built by gcc 11.2.1 20220219 (Alpine 11.2.1_git20220219) 
2022/10/08 10:56:41 [notice] 1#1: OS: Linux 5.10.104-linuxkit
2022/10/08 10:56:41 [notice] 1#1: getrlimit(RLIMIT_NOFILE): 1048576:1048576
2022/10/08 10:56:41 [notice] 1#1: start worker processes
2022/10/08 10:56:41 [notice] 1#1: start worker process 32
2022/10/08 10:56:41 [notice] 1#1: start worker process 33
2022/10/08 10:56:41 [notice] 1#1: start worker process 34
2022/10/08 10:56:41 [notice] 1#1: start worker process 35
2022/10/08 10:56:51 [error] 33#33: *2 open() "/usr/share/nginx/html/favicon.ico" failed (2: No such file or directory), client: 172.21.0.1, server: localhost, request: "GET /favicon.ico HTTP/1.1", host: "127.0.0.1:8080", referrer: "http://127.0.0.1:8080/"
2022/10/08 11:34:34 [notice] 1#1: signal 3 (SIGQUIT) received, shutting down
2022/10/08 11:34:34 [notice] 32#32: gracefully shutting down
2022/10/08 11:34:34 [notice] 35#35: gracefully shutting down
2022/10/08 11:34:34 [notice] 34#34: gracefully shutting down
2022/10/08 11:34:34 [notice] 34#34: exiting
2022/10/08 11:34:34 [notice] 33#33: gracefully shutting down
2022/10/08 11:34:34 [notice] 32#32: exiting
2022/10/08 11:34:34 [notice] 35#35: exiting
2022/10/08 11:34:34 [notice] 34#34: exit
2022/10/08 11:34:34 [notice] 33#33: exiting
2022/10/08 11:34:34 [notice] 32#32: exit
2022/10/08 11:34:34 [notice] 35#35: exit
2022/10/08 11:34:34 [notice] 33#33: exit
2022/10/08 11:34:34 [notice] 1#1: signal 17 (SIGCHLD) received from 35
2022/10/08 11:34:34 [notice] 1#1: worker process 32 exited with code 0
2022/10/08 11:34:34 [notice] 1#1: worker process 34 exited with code 0
2022/10/08 11:34:34 [notice] 1#1: worker process 35 exited with code 0
2022/10/08 11:34:34 [notice] 1#1: signal 29 (SIGIO) received
2022/10/08 11:34:34 [notice] 1#1: signal 17 (SIGCHLD) received from 33
2022/10/08 11:34:34 [notice] 1#1: worker process 33 exited with code 0
2022/10/08 11:34:34 [notice] 1#1: exit
2022/10/08 11:36:35 [notice] 1#1: using the "epoll" event method
2022/10/08 11:36:35 [notice] 1#1: nginx/1.22.0
2022/10/08 11:36:35 [notice] 1#1: built by gcc 11.2.1 20220219 (Alpine 11.2.1_git20220219) 
2022/10/08 11:36:35 [notice] 1#1: OS: Linux 5.10.104-linuxkit
2022/10/08 11:36:35 [notice] 1#1: getrlimit(RLIMIT_NOFILE): 1048576:1048576
2022/10/08 11:36:35 [notice] 1#1: start worker processes
2022/10/08 11:36:35 [notice] 1#1: start worker process 33
2022/10/08 11:36:35 [notice] 1#1: start worker process 34
2022/10/08 11:36:35 [notice] 1#1: start worker process 35
2022/10/08 11:36:35 [notice] 1#1: start worker process 36
2022/10/08 11:40:44 [notice] 1#1: signal 3 (SIGQUIT) received, shutting down
2022/10/08 11:40:44 [notice] 33#33: gracefully shutting down
2022/10/08 11:40:44 [notice] 34#34: gracefully shutting down
2022/10/08 11:40:44 [notice] 35#35: gracefully shutting down
2022/10/08 11:40:44 [notice] 35#35: exiting
2022/10/08 11:40:44 [notice] 36#36: gracefully shutting down
2022/10/08 11:40:44 [notice] 33#33: exiting
2022/10/08 11:40:44 [notice] 34#34: exiting
2022/10/08 11:40:44 [notice] 35#35: exit
2022/10/08 11:40:44 [notice] 36#36: exiting
2022/10/08 11:40:44 [notice] 33#33: exit
2022/10/08 11:40:44 [notice] 34#34: exit
2022/10/08 11:40:44 [notice] 36#36: exit
2022/10/08 11:40:44 [notice] 1#1: signal 17 (SIGCHLD) received from 35
2022/10/08 11:40:44 [notice] 1#1: worker process 35 exited with code 0
2022/10/08 11:40:44 [notice] 1#1: signal 29 (SIGIO) received
2022/10/08 11:40:44 [notice] 1#1: signal 17 (SIGCHLD) received from 33
2022/10/08 11:40:44 [notice] 1#1: worker process 33 exited with code 0
2022/10/08 11:40:44 [notice] 1#1: signal 29 (SIGIO) received
2022/10/08 11:40:44 [notice] 1#1: signal 17 (SIGCHLD) received from 34
2022/10/08 11:40:44 [notice] 1#1: worker process 34 exited with code 0
2022/10/08 11:40:44 [notice] 1#1: worker process 36 exited with code 0
2022/10/08 11:40:44 [notice] 1#1: exit
2022/10/08 11:40:49 [notice] 1#1: using the "epoll" event method
2022/10/08 11:40:49 [notice] 1#1: nginx/1.22.0
2022/10/08 11:40:49 [notice] 1#1: built by gcc 11.2.1 20220219 (Alpine 11.2.1_git20220219) 
2022/10/08 11:40:49 [notice] 1#1: OS: Linux 5.10.104-linuxkit
2022/10/08 11:40:49 [notice] 1#1: getrlimit(RLIMIT_NOFILE): 1048576:1048576
2022/10/08 11:40:49 [notice] 1#1: start worker processes
2022/10/08 11:40:49 [notice] 1#1: start worker process 32
2022/10/08 11:40:49 [notice] 1#1: start worker process 33
2022/10/08 11:40:49 [notice] 1#1: start worker process 34
2022/10/08 11:40:49 [notice] 1#1: start worker process 35
2022/10/08 11:42:51 [notice] 1#1: signal 3 (SIGQUIT) received, shutting down
2022/10/08 11:42:51 [notice] 35#35: gracefully shutting down
2022/10/08 11:42:51 [notice] 33#33: gracefully shutting down
2022/10/08 11:42:51 [notice] 33#33: exiting
2022/10/08 11:42:51 [notice] 32#32: gracefully shutting down
2022/10/08 11:42:51 [notice] 32#32: exiting
2022/10/08 11:42:51 [notice] 34#34: gracefully shutting down
2022/10/08 11:42:51 [notice] 34#34: exiting
2022/10/08 11:42:51 [notice] 35#35: exiting
2022/10/08 11:42:51 [notice] 33#33: exit
2022/10/08 11:42:51 [notice] 35#35: exit
2022/10/08 11:42:51 [notice] 32#32: exit
2022/10/08 11:42:51 [notice] 34#34: exit
2022/10/08 11:42:51 [notice] 1#1: signal 17 (SIGCHLD) received from 33
2022/10/08 11:42:51 [notice] 1#1: worker process 32 exited with code 0
2022/10/08 11:42:51 [notice] 1#1: worker process 33 exited with code 0
2022/10/08 11:42:51 [notice] 1#1: worker process 35 exited with code 0
2022/10/08 11:42:51 [notice] 1#1: signal 29 (SIGIO) received
2022/10/08 11:42:51 [notice] 1#1: signal 17 (SIGCHLD) received from 35
2022/10/08 11:42:51 [notice] 1#1: signal 17 (SIGCHLD) received from 34
2022/10/08 11:42:51 [notice] 1#1: worker process 34 exited with code 0
2022/10/08 11:42:51 [notice] 1#1: exit
2022/10/08 16:24:28 [emerg] 1#1: "server" directive is not allowed here in /etc/nginx/nginx.conf:1
2022/10/08 16:24:29 [emerg] 1#1: "server" directive is not allowed here in /etc/nginx/nginx.conf:1
2022/10/08 16:24:32 [emerg] 1#1: "server" directive is not allowed here in /etc/nginx/nginx.conf:1
2022/10/08 16:24:33 [emerg] 1#1: "server" directive is not allowed here in /etc/nginx/nginx.conf:1
2022/10/08 16:24:34 [emerg] 1#1: "server" directive is not allowed here in /etc/nginx/nginx.conf:1
2022/10/08 16:24:36 [emerg] 1#1: "server" directive is not allowed here in /etc/nginx/nginx.conf:1
2022/10/08 16:24:40 [emerg] 1#1: "server" directive is not allowed here in /etc/nginx/nginx.conf:1
2022/10/08 16:24:47 [emerg] 1#1: "server" directive is not allowed here in /etc/nginx/nginx.conf:1
2022/10/08 16:25:00 [emerg] 1#1: "server" directive is not allowed here in /etc/nginx/nginx.conf:1
2022/10/08 16:25:26 [emerg] 1#1: "server" directive is not allowed here in /etc/nginx/nginx.conf:1
2022/10/08 16:26:17 [emerg] 1#1: "server" directive is not allowed here in /etc/nginx/nginx.conf:1
2022/10/08 16:27:18 [emerg] 1#1: "server" directive is not allowed here in /etc/nginx/nginx.conf:1
2022/10/08 16:28:18 [emerg] 1#1: "server" directive is not allowed here in /etc/nginx/nginx.conf:1
2022/10/08 16:29:18 [emerg] 1#1: "server" directive is not allowed here in /etc/nginx/nginx.conf:1
2022/10/08 16:30:19 [emerg] 1#1: "server" directive is not allowed here in /etc/nginx/nginx.conf:1
2022/10/08 16:31:19 [emerg] 1#1: "server" directive is not allowed here in /etc/nginx/nginx.conf:1
2022/10/08 16:32:19 [emerg] 1#1: "server" directive is not allowed here in /etc/nginx/nginx.conf:1
2022/10/08 16:33:20 [emerg] 1#1: "server" directive is not allowed here in /etc/nginx/nginx.conf:1
2022/10/08 16:34:20 [emerg] 1#1: "server" directive is not allowed here in /etc/nginx/nginx.conf:1
2022/10/08 16:35:20 [emerg] 1#1: "server" directive is not allowed here in /etc/nginx/nginx.conf:1
